<?xml version="1.0" encoding="UTF-8"?>
<!-- Generated by org.testng.reporters.JUnitReportReporter -->
<testsuite hostname="RIDER-WORKBENCH" failures="0" tests="1" name="TestCase.BalanceEnquiry" time="38.064" errors="0" timestamp="2022-10-24T17:59:38 IST" skipped="0">
  <testcase classname="TestCase.BalanceEnquiry" name="BalanceEnquiry_01" time="38.064"/>
  <system-out/>
</testsuite> <!-- TestCase.BalanceEnquiry -->
