<?xml version="1.0" encoding="UTF-8"?>
<!-- Generated by org.testng.reporters.JUnitReportReporter -->
<testsuite hostname="RIDER-WORKBENCH" failures="0" tests="1" name="TestCase.NewAccount" time="88.992" errors="0" timestamp="2022-10-24T15:35:18 IST" skipped="0">
  <testcase classname="TestCase.NewAccount" name="NewAccount1" time="88.992"/>
  <system-out/>
</testsuite> <!-- TestCase.NewAccount -->
