<?xml version="1.0" encoding="UTF-8"?>
<!-- Generated by org.testng.reporters.JUnitReportReporter -->
<testsuite hostname="RIDER-WORKBENCH" failures="0" tests="1" name="TestCase.LogOut" time="33.957" errors="0" timestamp="2022-10-25T00:29:12 IST" skipped="0">
  <testcase classname="TestCase.LogOut" name="LogOut_01" time="33.957"/>
  <system-out/>
</testsuite> <!-- TestCase.LogOut -->
