<?xml version="1.0" encoding="UTF-8"?>
<!-- Generated by org.testng.reporters.JUnitReportReporter -->
<testsuite hostname="RIDER-WORKBENCH" failures="0" tests="1" name="TestCase.TitlePage" time="27.755" errors="0" timestamp="2022-10-19T22:39:26 IST" skipped="0">
  <testcase classname="TestCase.TitlePage" name="AddNewCustomerMale_03" time="27.755"/>
  <system-out/>
</testsuite> <!-- TestCase.TitlePage -->
