<?xml version="1.0" encoding="UTF-8"?>
<!-- Generated by org.testng.reporters.JUnitReportReporter -->
<testsuite hostname="RIDER-WORKBENCH" failures="0" tests="1" name="TestCase.TitlePage" time="26.643" errors="0" timestamp="2022-10-20T21:10:25 IST" skipped="0">
  <testcase classname="TestCase.TitlePage" name="AddNewCustomerFemale_04" time="26.643"/>
  <system-out/>
</testsuite> <!-- TestCase.TitlePage -->
