<?xml version="1.0" encoding="UTF-8"?>
<!-- Generated by org.testng.reporters.JUnitReportReporter -->
<testsuite hostname="RIDER-WORKBENCH" failures="0" tests="4" name="TestCase.LoginPage" time="139.679" errors="0" timestamp="2022-10-21T15:21:23 IST" skipped="0">
  <testcase classname="TestCase.LoginPage" name="FindLogoAndBrockenLink" time="7.048"/>
  <system-out/>
  <testcase classname="TestCase.LoginPage" name="BrockenLink" time="39.840"/>
  <system-out/>
  <testcase classname="TestCase.LoginPage" name="ValidateLinkIcon" time="84.674"/>
  <system-out/>
  <testcase classname="TestCase.LoginPage" name="Login" time="8.117"/>
  <system-out/>
</testsuite> <!-- TestCase.LoginPage -->
