<?xml version="1.0" encoding="UTF-8"?>
<!-- Generated by org.testng.reporters.JUnitReportReporter -->
<testsuite hostname="RIDER-WORKBENCH" failures="0" tests="1" name="TestCase.MiniStatement" time="15.402" errors="0" timestamp="2022-10-24T23:17:03 IST" skipped="0">
  <testcase classname="TestCase.MiniStatement" name="MiniStatement_01" time="15.402"/>
  <system-out/>
</testsuite> <!-- TestCase.MiniStatement -->
