<?xml version="1.0" encoding="UTF-8"?>
<!-- Generated by org.testng.reporters.JUnitReportReporter -->
<testsuite hostname="RIDER-WORKBENCH" failures="0" tests="1" name="TestCase.FundTransfer" time="14.494" errors="0" timestamp="2022-10-24T17:18:39 IST" skipped="0">
  <testcase classname="TestCase.FundTransfer" name="FundTransfer_01" time="14.494"/>
  <system-out/>
</testsuite> <!-- TestCase.FundTransfer -->
