<?xml version="1.0" encoding="UTF-8"?>
<!-- Generated by org.testng.reporters.JUnitReportReporter -->
<testsuite hostname="RIDER-WORKBENCH" failures="0" tests="1" name="TestCase.Deposite" time="32.376" errors="0" timestamp="2022-10-24T16:00:59 IST" skipped="0">
  <testcase classname="TestCase.Deposite" name="Deposite_01" time="32.376"/>
  <system-out/>
</testsuite> <!-- TestCase.Deposite -->
