<?xml version="1.0" encoding="UTF-8"?>
<!-- Generated by org.testng.reporters.JUnitReportReporter -->
<testsuite hostname="RIDER-WORKBENCH" failures="0" tests="1" name="TestCase.EditAccount" time="27.621" errors="0" timestamp="2022-10-23T13:20:07 IST" skipped="0">
  <testcase classname="TestCase.EditAccount" name="EditAccount_01" time="27.621"/>
  <system-out/>
</testsuite> <!-- TestCase.EditAccount -->
