<?xml version="1.0" encoding="UTF-8"?>
<!-- Generated by org.testng.reporters.JUnitReportReporter -->
<testsuite hostname="RIDER-WORKBENCH" failures="0" tests="1" name="TestCase.NewCustomer" time="27.877" errors="0" timestamp="2022-10-23T16:21:23 IST" skipped="0">
  <testcase classname="TestCase.NewCustomer" name="AddNewCustomerFemale_03" time="27.877"/>
  <system-out/>
</testsuite> <!-- TestCase.NewCustomer -->
