<?xml version="1.0" encoding="UTF-8"?>
<!-- Generated by org.testng.reporters.JUnitReportReporter -->
<testsuite hostname="RIDER-WORKBENCH" failures="0" tests="1" name="TestCase.Withdrawal" time="23.224" errors="0" timestamp="2022-10-24T16:27:17 IST" skipped="0">
  <testcase classname="TestCase.Withdrawal" name="Withdrawal_01" time="23.224"/>
  <system-out/>
</testsuite> <!-- TestCase.Withdrawal -->
