<?xml version="1.0" encoding="UTF-8"?>
<!-- Generated by org.testng.reporters.JUnitReportReporter -->
<testsuite hostname="RIDER-WORKBENCH" failures="0" tests="1" name="TestCase.DeleteAccount" time="28.195" errors="0" timestamp="2022-10-24T15:37:29 IST" skipped="0">
  <testcase classname="TestCase.DeleteAccount" name="DeleteAccount_01" time="28.195"/>
  <system-out/>
</testsuite> <!-- TestCase.DeleteAccount -->
