<?xml version="1.0" encoding="UTF-8"?>
<!-- Generated by org.testng.reporters.JUnitReportReporter -->
<testsuite hostname="RIDER-WORKBENCH" failures="0" tests="1" name="TestCase.CustomisedStatement" time="15.883" errors="0" timestamp="2022-10-25T00:15:14 IST" skipped="0">
  <testcase classname="TestCase.CustomisedStatement" name="CustomisedStatement_01" time="15.883"/>
  <system-out/>
</testsuite> <!-- TestCase.CustomisedStatement -->
