<?xml version="1.0" encoding="UTF-8"?>
<!-- Generated by org.testng.reporters.JUnitReportReporter -->
<testsuite hostname="RIDER-WORKBENCH" failures="0" tests="1" name="TestCase.Manager" time="9.284" errors="0" timestamp="2022-10-23T12:36:37 IST" skipped="0">
  <testcase classname="TestCase.Manager" name="Manager_01" time="9.284"/>
  <system-out/>
</testsuite> <!-- TestCase.Manager -->
