<?xml version="1.0" encoding="UTF-8"?>
<!-- Generated by org.testng.reporters.JUnitReportReporter -->
<testsuite hostname="RIDER-WORKBENCH" failures="0" tests="1" name="TestCase.NewAccount" time="27.121" errors="0" timestamp="2022-10-22T20:23:33 IST" skipped="0">
  <testcase classname="TestCase.NewAccount" name="NewAccount1" time="27.121"/>
  <system-out/>
</testsuite> <!-- TestCase.NewAccount -->
