<?xml version="1.0" encoding="UTF-8"?>
<!-- Generated by org.testng.reporters.JUnitReportReporter -->
<testsuite hostname="RIDER-WORKBENCH" failures="0" tests="1" name="TestCase.NewCustomer" time="8.539" errors="0" timestamp="2022-10-21T15:53:06 IST" skipped="0">
  <testcase classname="TestCase.NewCustomer" name="NewCustomer_01" time="8.539"/>
  <system-out/>
</testsuite> <!-- TestCase.NewCustomer -->
