<?xml version="1.0" encoding="UTF-8"?>
<!-- Generated by org.testng.reporters.JUnitReportReporter -->
<testsuite hostname="RIDER-WORKBENCH" failures="0" tests="1" name="TestCase.ChangePassword" time="36.644" errors="0" timestamp="2022-10-24T17:32:58 IST" skipped="0">
  <testcase classname="TestCase.ChangePassword" name="ChangePassword_01" time="36.644"/>
  <system-out/>
</testsuite> <!-- TestCase.ChangePassword -->
